C51 COMPILER V9.57.0.0   MATH                                                              05/12/2018 18:14:25 PAGE 1   


C51 COMPILER V9.57.0.0, COMPILATION OF MODULE MATH
OBJECT MODULE PLACED IN .\Objects\math.obj
COMPILER INVOKED BY: C:\Keil_v5\C51\BIN\C51.EXE math.c OPTIMIZE(8,SPEED) BROWSE DEBUG OBJECTEXTEND PRINT(.\Listings\math
                    -.lst) TABS(2) OBJECT(.\Objects\math.obj)

line level    source

   1          #include <reg51.h>
   2          
   3          char reg0, reg1, reg2;
   4          int main()
   5          {
   6   1        reg0 = 145;
   7   1        reg1 = 1;
   8   1        reg2 = ((reg0 | (reg1 << 8)) >> 4);
   9   1      }
  10          
  11          
*** WARNING C290 IN LINE 9 OF math.c: missing return value


MODULE INFORMATION:   STATIC OVERLAYABLE
   CODE SIZE        =     19    ----
   CONSTANT SIZE    =   ----    ----
   XDATA SIZE       =   ----    ----
   PDATA SIZE       =   ----    ----
   DATA SIZE        =      3    ----
   IDATA SIZE       =   ----    ----
   BIT SIZE         =   ----    ----
END OF MODULE INFORMATION.


C51 COMPILATION COMPLETE.  1 WARNING(S),  0 ERROR(S)
